<?xml version="1.0" encoding="UTF-8"?>
<!-- Generated by org.testng.reporters.JUnitXMLReporter -->
<testsuite hostname="Akshay" failures="0" tests="6" name="Command line test" time="0.154" errors="0" timestamp="24 Jul 2022 05:44:57 GMT">
  <testcase classname="AkshaySelenium.AppiumTest" name="IOSApps" time="0.073"/>
  <testcase classname="AkshaySelenium.AppiumTest" name="NativeAPandroid" time="0.004"/>
  <testcase classname="AkshaySelenium.RESTAPITest" name="deleteTwitter" time="0.001"/>
  <testcase classname="AkshaySelenium.RESTAPITest" name="posJira" time="0.003"/>
  <testcase classname="AkshaySelenium.SeleniumTest" name="BrowserAutomation" time="0.012"/>
  <testcase classname="AkshaySelenium.SeleniumTest" name="Elements" time="0.001"/>
</testsuite> <!-- Command line test -->
