<?xml version="1.0" encoding="UTF-8"?>
<!-- Generated by org.testng.reporters.JUnitXMLReporter -->
<testsuite hostname="Akshay" failures="0" tests="4" name="Test" time="0.122" errors="0" timestamp="24 Jul 2022 05:51:31 GMT">
  <testcase classname="AkshaySelenium.AppiumTest" name="IOSApps" time="0.042"/>
  <testcase classname="AkshaySelenium.AppiumTest" name="NativeAPandroid" time="0.003"/>
  <testcase classname="AkshaySelenium.RESTAPITest" name="deleteTwitter" time="0.004"/>
  <testcase classname="AkshaySelenium.RESTAPITest" name="posJira" time="0.003"/>
</testsuite> <!-- Test -->
