<?xml version="1.0" encoding="UTF-8"?>
<testng-results ignored="0" total="2" passed="2" failed="0" skipped="0">
  <reporter-output>
  </reporter-output>
  <suite started-at="2022-07-24T09:16:18 IST" name="Default suite" finished-at="2022-07-24T09:16:19 IST" duration-ms="409">
    <groups>
    </groups>
    <test started-at="2022-07-24T09:16:18 IST" name="Default test" finished-at="2022-07-24T09:16:19 IST" duration-ms="409">
      <class name="AkshaySelenium.SeleniumTest">
        <test-method signature="BrowserAutomation()[pri:0, instance:AkshaySelenium.SeleniumTest@2fb3536e]" started-at="2022-07-24T09:16:19 IST" name="BrowserAutomation" finished-at="2022-07-24T09:16:19 IST" duration-ms="55" status="PASS">
          <reporter-output>
          </reporter-output>
        </test-method> <!-- BrowserAutomation -->
        <test-method signature="Elements()[pri:0, instance:AkshaySelenium.SeleniumTest@2fb3536e]" started-at="2022-07-24T09:16:19 IST" name="Elements" finished-at="2022-07-24T09:16:19 IST" duration-ms="17" status="PASS">
          <reporter-output>
          </reporter-output>
        </test-method> <!-- Elements -->
      </class> <!-- AkshaySelenium.SeleniumTest -->
    </test> <!-- Default test -->
  </suite> <!-- Default suite -->
</testng-results>
